#
# A fatal error has been detected by the Java Runtime Environment:
#
#  EXCEPTION_ACCESS_VIOLATION (0xc0000005) at pc=0x000000007121d64e, pid=10372, tid=0x0000000000001cf0
#
# JRE version: Java(TM) SE Runtime Environment (8.0_241-b07) (build 1.8.0_241-b07)
# Java VM: Java HotSpot(TM) 64-Bit Server VM (25.241-b07 mixed mode windows-amd64 compressed oops)
# Problematic frame:
# V  [jvm.dll+0xed64e]
#
# Failed to write core dump. Minidumps are not enabled by default on client versions of Windows
#
# If you would like to submit a bug report, please visit:
#   http://bugreport.java.com/bugreport/crash.jsp
#

---------------  T H R E A D  ---------------

Current thread (0x0000000017619000):  VMThread [stack: 0x0000000019310000,0x0000000019410000] [id=7408]

siginfo: ExceptionCode=0xc0000005, writing address 0x0000000011640001

Registers:
RAX=0x0000000000000014, RBX=0x00000000200002da, RCX=0x00000000024937c0, RDX=0x0000000011640001
RSP=0x000000001940ef60, RBP=0x0000000000000001, RSI=0x0000000000000000, RDI=0x00000000000023b4
R8 =0x000000008015fc94, R9 =0x0000000000000001, R10=0x0000000000008000, R11=0x000000001afb3a00
R12=0x0000000000000000, R13=0x0000000000000000, R14=0x000000008015fc94, R15=0x00000000025738f0
RIP=0x000000007121d64e, EFLAGS=0x0000000000010202

Top of Stack: (sp=0x000000001940ef60)
0x000000001940ef60:   000000007172d258 000000001940eef0
0x000000001940ef70:   0000000002493960 0000000000000000
0x000000001940ef80:   0000000002493960 0000000000000000
0x000000001940ef90:   0000000002482f10 0000000000000000
0x000000001940efa0:   0000000002573880 000000007121da69
0x000000001940efb0:   0000000000000000 0000000000000000
0x000000001940efc0:   000000008015fc94 0000000000000000
0x000000001940efd0:   0000000000000003 0000000071a48d94
0x000000001940efe0:   0000000000000018 0000000000000000
0x000000001940eff0:   0000000000000000 0000000002482f10
0x000000001940f000:   000000008015fc94 000000007121daf2
0x000000001940f010:   0000000000000000 0000000002573880
0x000000001940f020:   0000000000000010 0000000081c9e048
0x000000001940f030:   000000000248d301 0000000071537717
0x000000001940f040:   00000000024937c0 00000000024805d0
0x000000001940f050:   000000000248cca0 000000007195bd88 

Instructions: (pc=0x000000007121d64e)
0x000000007121d62e:   15 f1 51 71 00 48 8b 0d 8e e9 72 00 48 03 d3 83
0x000000007121d63e:   79 0c 01 75 10 48 c1 ea 09 48 03 91 90 00 00 00
0x000000007121d64e:   c6 02 00 eb 0c 4c 8b c7 48 8b 01 45 33 c9 ff 50
0x000000007121d65e:   70 48 3b df 0f 84 bf 02 00 00 0f b6 2d e1 f3 72 


Register to memory mapping:

RAX=0x0000000000000014 is an unknown value
RBX=0x00000000200002da is an unknown value
RCX=0x00000000024937c0 is an unknown value
RDX=0x0000000011640001 is an unknown value
RSP=0x000000001940ef60 is an unknown value
RBP=0x0000000000000001 is an unknown value
RSI=0x0000000000000000 is an unknown value
RDI=0x00000000000023b4 is an unknown value
R8 =0x000000008015fc94 is pointing into object: 0x000000008015fc28
java.lang.Class 
 - klass: 'java/lang/Class'
R9 =0x0000000000000001 is an unknown value
R10=0x0000000000008000 is an unknown value
R11=0x000000001afb3a00 is an unknown value
R12=0x0000000000000000 is an unknown value
R13=0x0000000000000000 is an unknown value
R14=0x000000008015fc94 is pointing into object: 0x000000008015fc28
java.lang.Class 
 - klass: 'java/lang/Class'
R15=0x00000000025738f0 is an unknown value


Stack: [0x0000000019310000,0x0000000019410000],  sp=0x000000001940ef60,  free space=1019k
Native frames: (J=compiled Java code, j=interpreted, Vv=VM code, C=native code)
V  [jvm.dll+0xed64e]
V  [jvm.dll+0xeda69]
V  [jvm.dll+0xedaf2]
V  [jvm.dll+0x407717]
V  [jvm.dll+0x407bb4]
V  [jvm.dll+0x40818b]
V  [jvm.dll+0xb0cc5]
V  [jvm.dll+0x29459c]
V  [jvm.dll+0x24d6b7]
V  [jvm.dll+0x24c956]
V  [jvm.dll+0x24cdf1]
V  [jvm.dll+0x24d00e]
V  [jvm.dll+0x29fd2a]
C  [msvcr100.dll+0x21d9f]
C  [msvcr100.dll+0x21e3b]
C  [KERNEL32.DLL+0x17c24]
C  [ntdll.dll+0x6d4d1]

VM_Operation (0x000000001a11e690): CollectForMetadataAllocation, mode: safepoint, requested by thread 0x0000000019454800


---------------  P R O C E S S  ---------------

Java Threads: ( => current thread )
  0x000000001daba800 JavaThread "Cache worker for execution history cache (C:\git\Kotlin\git\Kotlin\imc-app\.gradle\6.1.1\executionHistory)" [_thread_blocked, id=8252, stack(0x000000002ae00000,0x000000002af00000)]
  0x000000001dab2800 JavaThread "Cache worker for Build Output Cleanup Cache (C:\git\Kotlin\git\Kotlin\imc-app\.gradle\buildOutputCleanup)" [_thread_blocked, id=12252, stack(0x0000000025e50000,0x0000000025f50000)]
  0x000000001daaf000 JavaThread "Build operations Thread 8" [_thread_blocked, id=5584, stack(0x0000000025d50000,0x0000000025e50000)]
  0x00000000242b5800 JavaThread "Build operations Thread 7" [_thread_blocked, id=512, stack(0x0000000025c50000,0x0000000025d50000)]
  0x00000000242b9000 JavaThread "Build operations Thread 6" [_thread_blocked, id=10344, stack(0x0000000025b50000,0x0000000025c50000)]
  0x00000000242b8800 JavaThread "Build operations Thread 5" [_thread_blocked, id=3772, stack(0x0000000025a50000,0x0000000025b50000)]
  0x00000000242bc000 JavaThread "Build operations Thread 4" [_thread_blocked, id=11808, stack(0x0000000025950000,0x0000000025a50000)]
  0x00000000242b7800 JavaThread "Build operations Thread 3" [_thread_blocked, id=8292, stack(0x0000000025850000,0x0000000025950000)]
  0x00000000242bb800 JavaThread "Build operations Thread 2" [_thread_blocked, id=9172, stack(0x0000000022c60000,0x0000000022d60000)]
  0x00000000242b7000 JavaThread "Build operations" [_thread_blocked, id=11276, stack(0x0000000021ed0000,0x0000000021fd0000)]
  0x00000000242ba800 JavaThread "Cache worker for cache directory md-rule (C:\Users\Giovane\.gradle\caches\6.1.1\md-rule)" [_thread_blocked, id=2132, stack(0x0000000020c00000,0x0000000020d00000)]
  0x00000000242b6000 JavaThread "Cache worker for cache directory md-supplier (C:\Users\Giovane\.gradle\caches\6.1.1\md-supplier)" [_thread_blocked, id=3420, stack(0x0000000020b00000,0x0000000020c00000)]
  0x00000000242ba000 JavaThread "Cache worker for file hash cache (C:\git\Kotlin\git\Kotlin\imc-app\.gradle\6.1.1\fileHashes)" [_thread_blocked, id=3276, stack(0x0000000020a00000,0x0000000020b00000)]
  0x00000000242b4800 JavaThread "Cache worker for checksums cache (C:\git\Kotlin\git\Kotlin\imc-app\.gradle\checksums)" [_thread_blocked, id=10268, stack(0x000000001cd90000,0x000000001ce90000)]
  0x00000000242ad000 JavaThread "Thread-94" [_thread_blocked, id=552, stack(0x000000001cc90000,0x000000001cd90000)]
  0x00000000242b4000 JavaThread "Stdin handler" [_thread_blocked, id=2584, stack(0x000000001ca90000,0x000000001cb90000)]
  0x00000000242b1000 JavaThread "Asynchronous log dispatcher for DefaultDaemonConnection: socket connection from /127.0.0.1:52383 to /127.0.0.1:52799" [_thread_blocked, id=11956, stack(0x000000001c990000,0x000000001ca90000)]
  0x00000000242b0000 JavaThread "Daemon worker Thread 4" [_thread_blocked, id=2056, stack(0x000000001c890000,0x000000001c990000)]
  0x00000000242b3000 JavaThread "Cancel handler" [_thread_blocked, id=10584, stack(0x000000001c590000,0x000000001c690000)]
  0x00000000242ae000 JavaThread "Handler for socket connection from /127.0.0.1:52383 to /127.0.0.1:52799" [_thread_in_native, id=9772, stack(0x000000001c490000,0x000000001c590000)]
  0x00000000242b2800 JavaThread "Daemon Thread 4" [_thread_blocked, id=9252, stack(0x0000000000a00000,0x0000000000b00000)]
  0x000000001bad3800 JavaThread "Cache worker for execution history cache (C:\Users\Giovane\.gradle\caches\6.1.1\executionHistory)" [_thread_blocked, id=6828, stack(0x0000000020900000,0x0000000020a00000)]
  0x000000001bad4800 JavaThread "Cache worker for file hash cache (C:\Users\Giovane\.gradle\caches\6.1.1\fileHashes)" [_thread_blocked, id=5444, stack(0x000000001e260000,0x000000001e360000)]
  0x000000001bad0800 JavaThread "File lock request listener" [_thread_in_native, id=11508, stack(0x000000001e160000,0x000000001e260000)]
  0x000000001bad0000 JavaThread "Cache worker for journal cache (C:\Users\Giovane\.gradle\caches\journal-1)" [_thread_blocked, id=3584, stack(0x000000001e060000,0x000000001e160000)]
  0x0000000019650000 JavaThread "Daemon periodic checks" [_thread_blocked, id=6296, stack(0x000000001c390000,0x000000001c490000)]
  0x000000001964e000 JavaThread "Incoming local TCP Connector on port 52383" [_thread_in_native, id=6272, stack(0x000000001c290000,0x000000001c390000)]
  0x000000001b45c000 JavaThread "Daemon health stats" [_thread_blocked, id=11452, stack(0x000000001bc50000,0x000000001bd50000)]
  0x00000000194d2800 JavaThread "Service Thread" daemon [_thread_blocked, id=2832, stack(0x000000001a120000,0x000000001a220000)]
  0x0000000019454800 JavaThread "C1 CompilerThread3" daemon [_thread_blocked, id=11888, stack(0x000000001a020000,0x000000001a120000)]
  0x000000001944e800 JavaThread "C2 CompilerThread2" daemon [_thread_blocked, id=6988, stack(0x0000000019f20000,0x000000001a020000)]
  0x0000000019446800 JavaThread "C2 CompilerThread1" daemon [_thread_blocked, id=2444, stack(0x0000000019e20000,0x0000000019f20000)]
  0x0000000019442800 JavaThread "C2 CompilerThread0" daemon [_thread_blocked, id=6412, stack(0x0000000019d20000,0x0000000019e20000)]
  0x0000000019441800 JavaThread "Attach Listener" daemon [_thread_blocked, id=7528, stack(0x0000000019c20000,0x0000000019d20000)]
  0x000000001762e800 JavaThread "Signal Dispatcher" daemon [_thread_blocked, id=9752, stack(0x0000000019b20000,0x0000000019c20000)]
  0x0000000019431000 JavaThread "Finalizer" daemon [_thread_blocked, id=12112, stack(0x0000000019910000,0x0000000019a10000)]
  0x000000001761d800 JavaThread "Reference Handler" daemon [_thread_blocked, id=240, stack(0x0000000019810000,0x0000000019910000)]
  0x00000000006ee800 JavaThread "main" [_thread_blocked, id=11192, stack(0x0000000002330000,0x0000000002430000)]

Other Threads:
=>0x0000000017619000 VMThread [stack: 0x0000000019310000,0x0000000019410000] [id=7408]
  0x00000000194f6800 WatcherThread [stack: 0x000000001a380000,0x000000001a480000] [id=12168]

VM state:at safepoint (normal execution)

VM Mutex/Monitor currently owned by a thread:  ([mutex/lock_event])
[0x00000000006ed420] Threads_lock - owner thread: 0x0000000017619000
[0x00000000006ed920] Heap_lock - owner thread: 0x0000000019454800
[0x0000000002480450] MethodData_lock - owner thread: 0x0000000019454800

heap address: 0x0000000080000000, size: 2048 MB, Compressed Oops mode: 32-bit
Narrow klass base: 0x0000000000000000, Narrow klass shift: 3
Compressed class space size: 1073741824 Address: 0x0000000100000000

Heap:
 PSYoungGen      total 396800K, used 0K [0x00000000d5580000, 0x00000000f2780000, 0x0000000100000000)
  eden space 368640K, 0% used [0x00000000d5580000,0x00000000d5580000,0x00000000ebd80000)
  from space 28160K, 0% used [0x00000000eca00000,0x00000000eca00000,0x00000000ee580000)
  to   space 54272K, 0% used [0x00000000ef280000,0x00000000ef280000,0x00000000f2780000)
 ParOldGen       total 208896K, used 43495K [0x0000000080000000, 0x000000008cc00000, 0x00000000d5580000)
  object space 208896K, 20% used [0x0000000080000000,0x0000000082a79d58,0x000000008cc00000)
 Metaspace       used 92243K, capacity 95180K, committed 98496K, reserved 1134592K
  class space    used 11945K, capacity 12550K, committed 13184K, reserved 1048576K

Card table byte_map: [0x0000000011940000,0x0000000011d50000] byte_map_base: 0x0000000011540000

Marking Bits: (ParMarkBitMap*) 0x000000007195be30
 Begin Bits: [0x0000000012800000, 0x0000000014800000)
 End Bits:   [0x0000000014800000, 0x0000000016800000)

Polling page: 0x0000000002430000

CodeCache: size=245760Kb used=46317Kb max_used=46317Kb free=199442Kb
 bounds [0x0000000002580000, 0x0000000005310000, 0x0000000011580000]
 total_blobs=14373 nmethods=13477 adapters=806
 compilation: enabled

Compilation events (10 events):
Event: 3514.890 Thread 0x0000000019454800 16570       3       groovy.lang.Tuple2::<init> (27 bytes)
Event: 3514.892 Thread 0x0000000019454800 nmethod 16570 0x00000000052f8d50 code [0x00000000052f8ee0, 0x00000000052f94f0]
Event: 3514.893 Thread 0x0000000019454800 16571       3       groovy.lang.Tuple::<init> (22 bytes)
Event: 3514.894 Thread 0x0000000019442800 nmethod 16568 0x00000000052fd3d0 code [0x00000000052fd560, 0x00000000052fd830]
Event: 3514.894 Thread 0x0000000019454800 nmethod 16571 0x00000000052fcd50 code [0x00000000052fcee0, 0x00000000052fd268]
Event: 3514.900 Thread 0x0000000019454800 16572       3       groovy.lang.MetaClassImpl::getMetaProperty (100 bytes)
Event: 3514.905 Thread 0x0000000019454800 nmethod 16572 0x00000000052fb690 code [0x00000000052fb8c0, 0x00000000052fc7d8]
Event: 3514.905 Thread 0x0000000019454800 16573       3       groovy.lang.MetaClassImpl::createMetaMethodAndMetaProperty (106 bytes)
Event: 3514.913 Thread 0x0000000019454800 nmethod 16573 0x00000000052fdc90 code [0x00000000052fdf40, 0x00000000052ff688]
Event: 3514.913 Thread 0x0000000019454800 16574   !   3       groovy.lang.MetaClassImpl::getProperty (438 bytes)

GC Heap History (10 events):
Event: 131.244 GC heap after
Heap after GC invocations=18 (full 3):
 PSYoungGen      total 308224K, used 24571K [0x00000000d5580000, 0x00000000edd00000, 0x0000000100000000)
  eden space 283648K, 0% used [0x00000000d5580000,0x00000000d5580000,0x00000000e6a80000)
  from space 24576K, 99% used [0x00000000e6a80000,0x00000000e827ef48,0x00000000e8280000)
  to   space 30208K, 0% used [0x00000000ebf80000,0x00000000ebf80000,0x00000000edd00000)
 ParOldGen       total 208896K, used 41172K [0x0000000080000000, 0x000000008cc00000, 0x00000000d5580000)
  object space 208896K, 19% used [0x0000000080000000,0x0000000082835020,0x000000008cc00000)
 Metaspace       used 76997K, capacity 80336K, committed 80472K, reserved 1118208K
  class space    used 10385K, capacity 11053K, committed 11136K, reserved 1048576K
}
Event: 139.971 GC heap before
{Heap before GC invocations=19 (full 3):
 PSYoungGen      total 308224K, used 308219K [0x00000000d5580000, 0x00000000edd00000, 0x0000000100000000)
  eden space 283648K, 100% used [0x00000000d5580000,0x00000000e6a80000,0x00000000e6a80000)
  from space 24576K, 99% used [0x00000000e6a80000,0x00000000e827ef48,0x00000000e8280000)
  to   space 30208K, 0% used [0x00000000ebf80000,0x00000000ebf80000,0x00000000edd00000)
 ParOldGen       total 208896K, used 41172K [0x0000000080000000, 0x000000008cc00000, 0x00000000d5580000)
  object space 208896K, 19% used [0x0000000080000000,0x0000000082835020,0x000000008cc00000)
 Metaspace       used 77259K, capacity 80558K, committed 80728K, reserved 1118208K
  class space    used 10388K, capacity 11056K, committed 11136K, reserved 1048576K
Event: 140.307 GC heap after
Heap after GC invocations=19 (full 3):
 PSYoungGen      total 367616K, used 26837K [0x00000000d5580000, 0x00000000ef800000, 0x0000000100000000)
  eden space 337408K, 0% used [0x00000000d5580000,0x00000000d5580000,0x00000000e9f00000)
  from space 30208K, 88% used [0x00000000ebf80000,0x00000000ed9b56d0,0x00000000edd00000)
  to   space 33280K, 0% used [0x00000000e9f00000,0x00000000e9f00000,0x00000000ebf80000)
 ParOldGen       total 208896K, used 41180K [0x0000000080000000, 0x000000008cc00000, 0x00000000d5580000)
  object space 208896K, 19% used [0x0000000080000000,0x0000000082837020,0x000000008cc00000)
 Metaspace       used 77259K, capacity 80558K, committed 80728K, reserved 1118208K
  class space    used 10388K, capacity 11056K, committed 11136K, reserved 1048576K
}
Event: 173.177 GC heap before
{Heap before GC invocations=20 (full 3):
 PSYoungGen      total 367616K, used 364245K [0x00000000d5580000, 0x00000000ef800000, 0x0000000100000000)
  eden space 337408K, 100% used [0x00000000d5580000,0x00000000e9f00000,0x00000000e9f00000)
  from space 30208K, 88% used [0x00000000ebf80000,0x00000000ed9b56d0,0x00000000edd00000)
  to   space 33280K, 0% used [0x00000000e9f00000,0x00000000e9f00000,0x00000000ebf80000)
 ParOldGen       total 208896K, used 41180K [0x0000000080000000, 0x000000008cc00000, 0x00000000d5580000)
  object space 208896K, 19% used [0x0000000080000000,0x0000000082837020,0x000000008cc00000)
 Metaspace       used 85959K, capacity 89736K, committed 89816K, reserved 1126400K
  class space    used 11554K, capacity 12251K, committed 12288K, reserved 1048576K
Event: 173.425 GC heap after
Heap after GC invocations=20 (full 3):
 PSYoungGen      total 370688K, used 33268K [0x00000000d5580000, 0x00000000f2900000, 0x0000000100000000)
  eden space 337408K, 0% used [0x00000000d5580000,0x00000000d5580000,0x00000000e9f00000)
  from space 33280K, 99% used [0x00000000e9f00000,0x00000000ebf7d3d0,0x00000000ebf80000)
  to   space 41984K, 0% used [0x00000000f0000000,0x00000000f0000000,0x00000000f2900000)
 ParOldGen       total 208896K, used 52773K [0x0000000080000000, 0x000000008cc00000, 0x00000000d5580000)
  object space 208896K, 25% used [0x0000000080000000,0x0000000083389658,0x000000008cc00000)
 Metaspace       used 85959K, capacity 89736K, committed 89816K, reserved 1126400K
  class space    used 11554K, capacity 12251K, committed 12288K, reserved 1048576K
}
Event: 762.956 GC heap before
{Heap before GC invocations=21 (full 3):
 PSYoungGen      total 370688K, used 370676K [0x00000000d5580000, 0x00000000f2900000, 0x0000000100000000)
  eden space 337408K, 100% used [0x00000000d5580000,0x00000000e9f00000,0x00000000e9f00000)
  from space 33280K, 99% used [0x00000000e9f00000,0x00000000ebf7d3d0,0x00000000ebf80000)
  to   space 41984K, 0% used [0x00000000f0000000,0x00000000f0000000,0x00000000f2900000)
 ParOldGen       total 208896K, used 52773K [0x0000000080000000, 0x000000008cc00000, 0x00000000d5580000)
  object space 208896K, 25% used [0x0000000080000000,0x0000000083389658,0x000000008cc00000)
 Metaspace       used 92897K, capacity 97320K, committed 97624K, reserved 1134592K
  class space    used 12235K, capacity 13084K, committed 13184K, reserved 1048576K
Event: 763.137 GC heap after
Heap after GC invocations=21 (full 3):
 PSYoungGen      total 423424K, used 41961K [0x00000000d5580000, 0x00000000f3a80000, 0x0000000100000000)
  eden space 381440K, 0% used [0x00000000d5580000,0x00000000d5580000,0x00000000eca00000)
  from space 41984K, 99% used [0x00000000f0000000,0x00000000f28fa6e8,0x00000000f2900000)
  to   space 55296K, 0% used [0x00000000eca00000,0x00000000eca00000,0x00000000f0000000)
 ParOldGen       total 208896K, used 71963K [0x0000000080000000, 0x000000008cc00000, 0x00000000d5580000)
  object space 208896K, 34% used [0x0000000080000000,0x0000000084646c60,0x000000008cc00000)
 Metaspace       used 92897K, capacity 97320K, committed 97624K, reserved 1134592K
  class space    used 12235K, capacity 13084K, committed 13184K, reserved 1048576K
}
Event: 3514.922 GC heap before
{Heap before GC invocations=22 (full 3):
 PSYoungGen      total 423424K, used 267758K [0x00000000d5580000, 0x00000000f3a80000, 0x0000000100000000)
  eden space 381440K, 59% used [0x00000000d5580000,0x00000000e32013b0,0x00000000eca00000)
  from space 41984K, 99% used [0x00000000f0000000,0x00000000f28fa6e8,0x00000000f2900000)
  to   space 55296K, 0% used [0x00000000eca00000,0x00000000eca00000,0x00000000f0000000)
 ParOldGen       total 208896K, used 71963K [0x0000000080000000, 0x000000008cc00000, 0x00000000d5580000)
  object space 208896K, 34% used [0x0000000080000000,0x0000000084646c60,0x000000008cc00000)
 Metaspace       used 93899K, capacity 98442K, committed 98496K, reserved 1134592K
  class space    used 12290K, capacity 13167K, committed 13184K, reserved 1048576K
Event: 3515.583 GC heap after
Heap after GC invocations=22 (full 3):
 PSYoungGen      total 396800K, used 27782K [0x00000000d5580000, 0x00000000f2780000, 0x0000000100000000)
  eden space 368640K, 0% used [0x00000000d5580000,0x00000000d5580000,0x00000000ebd80000)
  from space 28160K, 98% used [0x00000000eca00000,0x00000000ee5218c8,0x00000000ee580000)
  to   space 54272K, 0% used [0x00000000ef280000,0x00000000ef280000,0x00000000f2780000)
 ParOldGen       total 208896K, used 82170K [0x0000000080000000, 0x000000008cc00000, 0x00000000d5580000)
  object space 208896K, 39% used [0x0000000080000000,0x000000008503ea58,0x000000008cc00000)
 Metaspace       used 93899K, capacity 98442K, committed 98496K, reserved 1134592K
  class space    used 12290K, capacity 13167K, committed 13184K, reserved 1048576K
}
Event: 3515.583 GC heap before
{Heap before GC invocations=23 (full 4):
 PSYoungGen      total 396800K, used 27782K [0x00000000d5580000, 0x00000000f2780000, 0x0000000100000000)
  eden space 368640K, 0% used [0x00000000d5580000,0x00000000d5580000,0x00000000ebd80000)
  from space 28160K, 98% used [0x00000000eca00000,0x00000000ee5218c8,0x00000000ee580000)
  to   space 54272K, 0% used [0x00000000ef280000,0x00000000ef280000,0x00000000f2780000)
 ParOldGen       total 208896K, used 82170K [0x0000000080000000, 0x000000008cc00000, 0x00000000d5580000)
  object space 208896K, 39% used [0x0000000080000000,0x000000008503ea58,0x000000008cc00000)
 Metaspace       used 93899K, capacity 98442K, committed 98496K, reserved 1134592K
  class space    used 12290K, capacity 13167K, committed 13184K, reserved 1048576K

Deoptimization events (10 events):
Event: 765.776 Thread 0x000000001dc1f800 Uncommon trap: reason=class_check action=maybe_recompile pc=0x00000000040d3218 method=java.util.HashMap.removeNode(ILjava/lang/Object;Ljava/lang/Object;ZZ)Ljava/util/HashMap$Node; @ 143
Event: 765.781 Thread 0x000000001dc1f800 Uncommon trap: reason=class_check action=maybe_recompile pc=0x0000000003ee6148 method=java.util.HashMap.removeNode(ILjava/lang/Object;Ljava/lang/Object;ZZ)Ljava/util/HashMap$Node; @ 143
Event: 765.868 Thread 0x000000001dc1f800 Uncommon trap: reason=bimorphic action=maybe_recompile pc=0x00000000049fa7d8 method=com.google.common.collect.AbstractIterator.tryToComputeNext()Z @ 9
Event: 766.014 Thread 0x000000001dc1e800 Uncommon trap: reason=unstable_if action=reinterpret pc=0x0000000003e828d0 method=com.esotericsoftware.kryo.io.Input.require(I)I @ 180
Event: 1091.831 Thread 0x000000001bad3000 Uncommon trap: reason=class_check action=maybe_recompile pc=0x000000000330159c method=java.lang.reflect.Array.newInstance(Ljava/lang/Class;I)Ljava/lang/Object; @ 2
Event: 1091.832 Thread 0x000000001bad3000 Uncommon trap: reason=class_check action=maybe_recompile pc=0x000000000330159c method=java.lang.reflect.Array.newInstance(Ljava/lang/Class;I)Ljava/lang/Object; @ 2
Event: 1092.019 Thread 0x000000001dab2800 Uncommon trap: reason=bimorphic action=maybe_recompile pc=0x00000000049fa7d8 method=com.google.common.collect.AbstractIterator.tryToComputeNext()Z @ 9
Event: 1092.049 Thread 0x000000001dab2800 Uncommon trap: reason=unstable_if action=reinterpret pc=0x00000000036dfe50 method=java.util.Formatter$FormatSpecifier.conversion(Ljava/lang/String;)C @ 80
Event: 1098.406 Thread 0x000000001bad3000 Uncommon trap: reason=unstable_if action=reinterpret pc=0x0000000002ecd7c8 method=com.esotericsoftware.kryo.io.Input.require(I)I @ 180
Event: 3509.908 Thread 0x00000000242ae000 Uncommon trap: reason=class_check action=maybe_recompile pc=0x000000000330159c method=java.lang.reflect.Array.newInstance(Ljava/lang/Class;I)Ljava/lang/Object; @ 2

Classes redefined (0 events):
No events

Internal exceptions (10 events):
Event: 1092.849 Thread 0x000000001dab2800 Exception <a 'java/lang/ClassNotFoundException': sync_studio_tooling647_6d7ronc1mup4vxgzej1ipou0fBeanInfo> (0x00000000d8cba588) thrown at [C:\ade\jenkins\workspace\8-2-build-windows-amd64-cygwin\jdk8u241\331\hotspot\src\share\vm\classfile\systemDictionary
Event: 1092.876 Thread 0x000000001dab2800 Exception <a 'java/lang/ClassNotFoundException': sync_studio_tooling647_6d7ronc1mup4vxgzej1ipou0fCustomizer> (0x00000000d8cc9548) thrown at [C:\ade\jenkins\workspace\8-2-build-windows-amd64-cygwin\jdk8u241\331\hotspot\src\share\vm\classfile\systemDictiona
Event: 1093.285 Thread 0x000000001dab2800 Exception <a 'java/lang/ClassNotFoundException': sync_studio_tooling647_6d7ronc1mup4vxgzej1ipou0fBeanInfo> (0x00000000d8e02e88) thrown at [C:\ade\jenkins\workspace\8-2-build-windows-amd64-cygwin\jdk8u241\331\hotspot\src\share\vm\classfile\systemDictionary
Event: 1093.287 Thread 0x000000001dab2800 Exception <a 'java/lang/ClassNotFoundException': sync_studio_tooling647_6d7ronc1mup4vxgzej1ipou0fCustomizer> (0x00000000d8e11da8) thrown at [C:\ade\jenkins\workspace\8-2-build-windows-amd64-cygwin\jdk8u241\331\hotspot\src\share\vm\classfile\systemDictiona
Event: 1096.159 Thread 0x000000001dab2800 Exception <a 'java/lang/reflect/InvocationTargetException'> (0x00000000ddbb6f50) thrown at [C:\ade\jenkins\workspace\8-2-build-windows-amd64-cygwin\jdk8u241\331\hotspot\src\share\vm\runtime\reflection.cpp, line 1092]
Event: 1097.979 Thread 0x000000001dab2800 Exception <a 'sun/nio/fs/WindowsException'> (0x00000000dedebaa8) thrown at [C:\ade\jenkins\workspace\8-2-build-windows-amd64-cygwin\jdk8u241\331\hotspot\src\share\vm\prims\jni.cpp, line 710]
Event: 3510.209 Thread 0x00000000242b0000 Exception <a 'java/lang/ClassNotFoundException': sync_studio_tooling3_17cfb060dsvxbq8l2ytrju4u4BeanInfo> (0x00000000e086a578) thrown at [C:\ade\jenkins\workspace\8-2-build-windows-amd64-cygwin\jdk8u241\331\hotspot\src\share\vm\classfile\systemDictionary.c
Event: 3510.212 Thread 0x00000000242b0000 Exception <a 'java/lang/ClassNotFoundException': sync_studio_tooling3_17cfb060dsvxbq8l2ytrju4u4Customizer> (0x00000000e0879530) thrown at [C:\ade\jenkins\workspace\8-2-build-windows-amd64-cygwin\jdk8u241\331\hotspot\src\share\vm\classfile\systemDictionary
Event: 3510.447 Thread 0x00000000242b0000 Exception <a 'java/lang/ClassNotFoundException': sync_studio_tooling3_17cfb060dsvxbq8l2ytrju4u4BeanInfo> (0x00000000e09b8bb8) thrown at [C:\ade\jenkins\workspace\8-2-build-windows-amd64-cygwin\jdk8u241\331\hotspot\src\share\vm\classfile\systemDictionary.c
Event: 3510.450 Thread 0x00000000242b0000 Exception <a 'java/lang/ClassNotFoundException': sync_studio_tooling3_17cfb060dsvxbq8l2ytrju4u4Customizer> (0x00000000e09c7a78) thrown at [C:\ade\jenkins\workspace\8-2-build-windows-amd64-cygwin\jdk8u241\331\hotspot\src\share\vm\classfile\systemDictionary

Events (10 events):
Event: 3512.957 Executing VM operation: RevokeBias done
Event: 3512.962 Executing VM operation: RevokeBias
Event: 3512.962 Executing VM operation: RevokeBias done
Event: 3512.962 Executing VM operation: RevokeBias
Event: 3512.963 Executing VM operation: RevokeBias done
Event: 3513.155 Thread 0x0000000019454800 flushing nmethod 0x00000000042e1990
Event: 3513.156 Thread 0x0000000019454800 flushing nmethod 0x0000000004338a90
Event: 3514.794 loading class org/gradle/cache/internal/btree/FileBackedBlockStore$1
Event: 3514.794 loading class org/gradle/cache/internal/btree/FileBackedBlockStore$1 done
Event: 3514.921 Executing VM operation: CollectForMetadataAllocation


Dynamic libraries:
0x00007ff6cdfe0000 - 0x00007ff6ce017000 	C:\Program Files\Java\jdk1.8.0_241\bin\java.exe
0x00007ff984520000 - 0x00007ff984710000 	C:\WINDOWS\SYSTEM32\ntdll.dll
0x00007ff983a50000 - 0x00007ff983b02000 	C:\WINDOWS\System32\KERNEL32.DLL
0x00007ff9822f0000 - 0x00007ff982595000 	C:\WINDOWS\System32\KERNELBASE.dll
0x00007ff983160000 - 0x00007ff983203000 	C:\WINDOWS\System32\ADVAPI32.dll
0x00007ff982800000 - 0x00007ff98289e000 	C:\WINDOWS\System32\msvcrt.dll
0x00007ff983210000 - 0x00007ff9832a7000 	C:\WINDOWS\System32\sechost.dll
0x00007ff983790000 - 0x00007ff9838af000 	C:\WINDOWS\System32\RPCRT4.dll
0x00007ff9832c0000 - 0x00007ff983454000 	C:\WINDOWS\System32\USER32.dll
0x00007ff981520000 - 0x00007ff981541000 	C:\WINDOWS\System32\win32u.dll
0x00007ff983d90000 - 0x00007ff983db6000 	C:\WINDOWS\System32\GDI32.dll
0x00007ff981550000 - 0x00007ff9816e8000 	C:\WINDOWS\System32\gdi32full.dll
0x00007ff9816f0000 - 0x00007ff98178e000 	C:\WINDOWS\System32\msvcp_win.dll
0x00007ff9817f0000 - 0x00007ff9818ea000 	C:\WINDOWS\System32\ucrtbase.dll
0x00007ff977340000 - 0x00007ff9775c4000 	C:\WINDOWS\WinSxS\amd64_microsoft.windows.common-controls_6595b64144ccf1df_6.0.18362.1316_none_9e7a364fe461dbd7\COMCTL32.dll
0x00007ff9828d0000 - 0x00007ff982c07000 	C:\WINDOWS\System32\combase.dll
0x00007ff981470000 - 0x00007ff9814f1000 	C:\WINDOWS\System32\bcryptPrimitives.dll
0x00007ff9828a0000 - 0x00007ff9828ce000 	C:\WINDOWS\System32\IMM32.DLL
0x00000000719e0000 - 0x0000000071ab2000 	C:\Program Files\Java\jdk1.8.0_241\jre\bin\msvcr100.dll
0x0000000071130000 - 0x00000000719dc000 	C:\Program Files\Java\jdk1.8.0_241\jre\bin\server\jvm.dll
0x00007ff983990000 - 0x00007ff983998000 	C:\WINDOWS\System32\PSAPI.DLL
0x00007ff97f000000 - 0x00007ff97f024000 	C:\WINDOWS\SYSTEM32\WINMM.dll
0x00007ff9776e0000 - 0x00007ff9776e9000 	C:\WINDOWS\SYSTEM32\WSOCK32.dll
0x00007ff975b80000 - 0x00007ff975b8a000 	C:\WINDOWS\SYSTEM32\VERSION.dll
0x00007ff9830f0000 - 0x00007ff98315f000 	C:\WINDOWS\System32\WS2_32.dll
0x00007ff97efd0000 - 0x00007ff97effd000 	C:\WINDOWS\SYSTEM32\WINMMBASE.dll
0x00007ff9821c0000 - 0x00007ff98220a000 	C:\WINDOWS\System32\cfgmgr32.dll
0x00007ff97a480000 - 0x00007ff97a48f000 	C:\Program Files\Java\jdk1.8.0_241\jre\bin\verify.dll
0x00007ff9537c0000 - 0x00007ff9537e9000 	C:\Program Files\Java\jdk1.8.0_241\jre\bin\java.dll
0x00007ff952d40000 - 0x00007ff952d56000 	C:\Program Files\Java\jdk1.8.0_241\jre\bin\zip.dll
0x00007ff983dc0000 - 0x00007ff9844a8000 	C:\WINDOWS\System32\SHELL32.dll
0x00007ff983660000 - 0x00007ff983707000 	C:\WINDOWS\System32\shcore.dll
0x00007ff981a40000 - 0x00007ff9821bb000 	C:\WINDOWS\System32\windows.storage.dll
0x00007ff981420000 - 0x00007ff981443000 	C:\WINDOWS\System32\profapi.dll
0x00007ff9813b0000 - 0x00007ff9813fa000 	C:\WINDOWS\System32\powrprof.dll
0x00007ff9813a0000 - 0x00007ff9813b0000 	C:\WINDOWS\System32\UMPDC.dll
0x00007ff9825a0000 - 0x00007ff9825f2000 	C:\WINDOWS\System32\shlwapi.dll
0x00007ff981400000 - 0x00007ff981411000 	C:\WINDOWS\System32\kernel.appcore.dll
0x00007ff981500000 - 0x00007ff981517000 	C:\WINDOWS\System32\cryptsp.dll
0x00007ff952a60000 - 0x00007ff952a7a000 	C:\Program Files\Java\jdk1.8.0_241\jre\bin\net.dll
0x00007ff980b80000 - 0x00007ff980be7000 	C:\WINDOWS\system32\mswsock.dll
0x00007ff951f90000 - 0x00007ff951fa2000 	C:\Program Files\Java\jdk1.8.0_241\jre\bin\nio.dll
0x00007ff96a790000 - 0x00007ff96a7b6000 	C:\Users\Giovane\.gradle\native\31\windows-amd64\native-platform.dll
0x00007ff97a470000 - 0x00007ff97a47d000 	C:\Program Files\Java\jdk1.8.0_241\jre\bin\management.dll
0x00007ff980700000 - 0x00007ff980733000 	C:\WINDOWS\system32\rsaenh.dll
0x00007ff982210000 - 0x00007ff982236000 	C:\WINDOWS\System32\bcrypt.dll
0x00007ff9812c0000 - 0x00007ff9812e5000 	C:\WINDOWS\SYSTEM32\USERENV.dll
0x00007ff980d50000 - 0x00007ff980d5c000 	C:\WINDOWS\SYSTEM32\CRYPTBASE.dll
0x00007ff980890000 - 0x00007ff9808ca000 	C:\WINDOWS\SYSTEM32\IPHLPAPI.DLL
0x00007ff9838b0000 - 0x00007ff9838b8000 	C:\WINDOWS\System32\NSI.dll
0x00007ff97a2e0000 - 0x00007ff97a2f6000 	C:\WINDOWS\SYSTEM32\dhcpcsvc6.DLL
0x00007ff97acb0000 - 0x00007ff97accc000 	C:\WINDOWS\SYSTEM32\dhcpcsvc.DLL
0x00007ff9808d0000 - 0x00007ff98099b000 	C:\WINDOWS\SYSTEM32\DNSAPI.dll
0x00007ff952d10000 - 0x00007ff952d34000 	C:\Program Files\Java\jdk1.8.0_241\jre\bin\sunec.dll
0x00007ff97a350000 - 0x00007ff97a35a000 	C:\Windows\System32\rasadhlp.dll
0x00007ff979c40000 - 0x00007ff979cb7000 	C:\WINDOWS\System32\fwpuclnt.dll
0x00007ff97a410000 - 0x00007ff97a41b000 	C:\Program Files\Java\jdk1.8.0_241\jre\bin\sunmscapi.dll
0x00007ff9818f0000 - 0x00007ff981a3a000 	C:\WINDOWS\System32\CRYPT32.dll
0x00007ff981450000 - 0x00007ff981462000 	C:\WINDOWS\System32\MSASN1.dll
0x00007ff9803c0000 - 0x00007ff9803f1000 	C:\WINDOWS\SYSTEM32\ntmarta.dll
0x00007ff97fda0000 - 0x00007ff97ff94000 	C:\WINDOWS\SYSTEM32\dbghelp.dll

VM Arguments:
jvm_args: -Xmx2048m -Dfile.encoding=windows-1252 -Duser.country=BR -Duser.language=pt -Duser.variant 
java_command: org.gradle.launcher.daemon.bootstrap.GradleDaemon 6.1.1
java_class_path (initial): C:\Users\Giovane\.gradle\wrapper\dists\gradle-6.1.1-all\cfmwm155h49vnt3hynmlrsdst\gradle-6.1.1\lib\gradle-launcher-6.1.1.jar
Launcher Type: SUN_STANDARD

Environment Variables:
JAVA_HOME=C:\Program Files\Java\jdk-15.0.1
PATH=C:\Program Files\Common Files\Oracle\Java\javapath;C:\Python39\Scripts\;C:\Python39\;C:\Program Files (x86)\Common Files\Oracle\Java\javapath;C:\WINDOWS\system32;C:\WINDOWS;C:\WINDOWS\System32\Wbem;C:\WINDOWS\System32\WindowsPowerShell\v1.0\;C:\Program Files (x86)\Windows Live\Shared;C:\Program Files (x86)\QuickTime\QTSystem\;C:\Users\Giovane\AppData\Local\Android\Sdk\platform-tools;C:\Users\Giovane\AppData\Local\Android\Sdk\tools;C:\Program Files\Microsoft VS Code\bin;C:\WINDOWS\System32\OpenSSH\;C:\Program Files\Java\jdk-15.0.1\bin;C:\maven\apache-maven-3.6.3\bin;C:\Program Files\nodejs\;C:\ProgramData\chocolatey\bin;C:\Program Files\Git\cmd;C:\Program Files\PostgreSQL\13\bin;C:\cygwin64\bin;C:\kotlin-compiler-1.4.30\kotlinc\bin;C:\Users\Giovane\AppData\Local\Programs\Python\Python38-32\Scripts\;C:\Users\Giovane\AppData\Local\Programs\Python\Python38-32\;C:\Users\Giovane\AppData\Local\Microsoft\WindowsApps;c:\src\flutter\bin;C:\Users\Giovane\AppData\Roaming\npm;
USERNAME=Giovane
OS=Windows_NT
PROCESSOR_IDENTIFIER=Intel64 Family 6 Model 42 Stepping 7, GenuineIntel



---------------  S Y S T E M  ---------------

OS: Windows 10.0 , 64 bit Build 18362 (10.0.18362.1316)

CPU:total 8 (initial active 8) (4 cores per cpu, 2 threads per core) family 6 model 42 stepping 7, cmov, cx8, fxsr, mmx, sse, sse2, sse3, ssse3, sse4.1, sse4.2, popcnt, avx, aes, clmul, ht, tsc, tscinvbit

Memory: 4k page, physical 16689140k(6168600k free), swap 33466356k(20197948k free)

vm_info: Java HotSpot(TM) 64-Bit Server VM (25.241-b07) for windows-amd64 JRE (1.8.0_241-b07), built on Dec 11 2019 10:21:40 by "rejava" with MS VC++ 10.0 (VS2010)

time: Sun Feb 14 22:05:53 2021
timezone: Hora oficial do Brasil
elapsed time: 3516 seconds (0d 0h 58m 36s)

